<?xml version="1.0" encoding="UTF-8"?>
<!-- Generated by org.testng.reporters.JUnitReportReporter -->
<testsuite skipped="0" hostname="sir-PC" name="com.app.tests.ApiDay5PostThenGet" tests="1" failures="0" timestamp="25 Apr 2018 01:08:26 GMT" time="3.471" errors="0">
  <testcase name="postemployeeThenGetEmployee" time="3.471" classname="com.app.tests.ApiDay5PostThenGet"/>
</testsuite> <!-- com.app.tests.ApiDay5PostThenGet -->
