<?xml version="1.0" encoding="UTF-8"?>
<!-- Generated by org.testng.reporters.JUnitReportReporter -->
<testsuite skipped="0" hostname="sir-PC" name="com.app.tests.EmployeesDbTest" tests="2" failures="0" timestamp="10 Sep 2018 18:03:12 GMT" time="1.775" errors="0">
  <testcase name="countTest" time="1.096" classname="com.app.tests.EmployeesDbTest"/>
  <testcase name="nameTestById" time="0.679" classname="com.app.tests.EmployeesDbTest"/>
</testsuite> <!-- com.app.tests.EmployeesDbTest -->
