<?xml version="1.0" encoding="UTF-8"?>
<!-- Generated by org.testng.reporters.JUnitReportReporter -->
<testsuite skipped="1" hostname="sir-PC" name="com.app.tests.JDBCConnection" tests="2" failures="0" timestamp="10 Sep 2018 17:17:56 GMT" time="1.681" errors="0">
  <testcase name="jdbcMetaData" time="1.681" classname="com.app.tests.JDBCConnection"/>
  <testcase name="oracleJDBC" classname="com.app.tests.JDBCConnection">
    <skipped/>
  </testcase> <!-- oracleJDBC -->
</testsuite> <!-- com.app.tests.JDBCConnection -->
