<?xml version="1.0" encoding="UTF-8"?>
<!-- Generated by org.testng.reporters.JUnitReportReporter -->
<testsuite skipped="0" hostname="sir-PC" name="com.app.tests.JdbcWithLog4j" tests="1" failures="0" timestamp="06 Sep 2018 19:14:27 GMT" time="21.171" errors="0">
  <testcase name="getRecordsCount" time="21.171" classname="com.app.tests.JdbcWithLog4j"/>
</testsuite> <!-- com.app.tests.JdbcWithLog4j -->
