<?xml version="1.0" encoding="UTF-8"?>
<!-- Generated by org.testng.reporters.JUnitReportReporter -->
<testsuite skipped="0" hostname="sir-PC" name="com.app.runners.CuckesRunner" tests="1" failures="0" timestamp="15 Nov 2018 19:04:56 GMT" time="14.600" errors="0">
  <testcase name="runScenario" time="14.600" classname="com.app.runners.CuckesRunner"/>
</testsuite> <!-- com.app.runners.CuckesRunner -->
