<?xml version="1.0" encoding="UTF-8"?>
<!-- Generated by org.testng.reporters.JUnitReportReporter -->
<testsuite skipped="0" hostname="sir-PC" name="com.app.tests.ApiDay4PostRequest" tests="1" failures="0" timestamp="24 Apr 2018 23:23:35 GMT" time="3.119" errors="0">
  <testcase name="postCountryUsingPojo" time="3.119" classname="com.app.tests.ApiDay4PostRequest"/>
</testsuite> <!-- com.app.tests.ApiDay4PostRequest -->
