<?xml version="1.0" encoding="UTF-8"?>
<!-- Generated by org.testng.reporters.JUnitReportReporter -->
<testsuite skipped="0" hostname="sir-PC" name="com.app.tests.HrGetAPIReq" tests="6" failures="0" timestamp="19 Apr 2018 01:49:21 GMT" time="6.483" errors="0">
  <testcase name="printResponse" time="0.431" classname="com.app.tests.HrGetAPIReq"/>
  <testcase name="verifyFirstName" time="1.111" classname="com.app.tests.HrGetAPIReq"/>
  <testcase name="negativeGet" time="1.666" classname="com.app.tests.HrGetAPIReq"/>
  <testcase name="simpleGet" time="0.592" classname="com.app.tests.HrGetAPIReq"/>
  <testcase name="getWithHeaders" time="2.400" classname="com.app.tests.HrGetAPIReq"/>
  <testcase name="verifyContentType" time="0.283" classname="com.app.tests.HrGetAPIReq"/>
</testsuite> <!-- com.app.tests.HrGetAPIReq -->
