<?xml version="1.0" encoding="UTF-8"?>
<!-- Generated by org.testng.reporters.JUnitReportReporter -->
<testsuite skipped="0" hostname="sir-PC" name="com.app.tests.JsonValidationOfRegions" tests="1" failures="0" timestamp="22 Apr 2018 15:58:03 GMT" time="3.580" errors="0">
  <testcase name="warmUp3" time="3.580" classname="com.app.tests.JsonValidationOfRegions"/>
</testsuite> <!-- com.app.tests.JsonValidationOfRegions -->
