<?xml version="1.0" encoding="UTF-8"?>
<!-- Generated by org.testng.reporters.JUnitReportReporter -->
<testsuite skipped="0" hostname="sir-PC" name="com.app.tests.BasicDataDrivernTest" tests="1" failures="0" timestamp="06 Sep 2018 17:08:03 GMT" time="22.241" errors="0">
  <testcase name="dataDrivenMileageCalculatorTest" time="22.241" classname="com.app.tests.BasicDataDrivernTest"/>
</testsuite> <!-- com.app.tests.BasicDataDrivernTest -->
